================================================================
======== Log Rotated - 6/8/2025, 12:00:00 AM                    
================================================================
[  script:nfs-banking] [Saving] 0 cards and 0 transactions are saved!
[  script:nfs-banking] [Saving] 0 cards and 0 transactions are saved!
[  script:nfs-banking] [Saving] 0 cards and 0 transactions are saved!
[  script:nfs-banking] [Saving] 0 cards and 0 transactions are saved!
[  script:nfs-banking] [Saving] 0 cards and 0 transactions are saved!
[  script:nfs-banking] [Saving] 0 cards and 0 transactions are saved!
[  script:nfs-banking] [Saving] 0 cards and 0 transactions are saved!
[  script:nfs-banking] [Saving] 0 cards and 0 transactions are saved!
[  script:nfs-banking] [Saving] 0 cards and 0 transactions are saved!
[  script:nfs-banking] [Saving] 0 cards and 0 transactions are saved!
[  script:nfs-banking] [Saving] 0 cards and 0 transactions are saved!
[ script:sonoranradio] my: 2.18.4 remote: 2.18.4
[  script:nfs-banking] [Saving] 0 cards and 0 transactions are saved!
[  script:nfs-banking] [Saving] 0 cards and 0 transactions are saved!
[  script:nfs-banking] [Saving] 0 cards and 0 transactions are saved!
[  script:nfs-banking] [Saving] 0 cards and 0 transactions are saved!
[  script:nfs-banking] [Saving] 0 cards and 0 transactions are saved!
[  script:nfs-banking] [Saving] 0 cards and 0 transactions are saved!
[  script:nfs-banking] [Saving] 0 cards and 0 transactions are saved!
[  script:nfs-banking] [Saving] 0 cards and 0 transactions are saved!
[  script:nfs-banking] [Saving] 0 cards and 0 transactions are saved!
[  script:nfs-banking] [Saving] 0 cards and 0 transactions are saved!
[  script:nfs-banking] [Saving] 0 cards and 0 transactions are saved!
[  script:nfs-banking] [Saving] 0 cards and 0 transactions are saved!
[ script:sonoranradio] my: 2.18.4 remote: 2.18.4
[  script:nfs-banking] [Saving] 0 cards and 0 transactions are saved!
[  script:nfs-banking] [Saving] 0 cards and 0 transactions are saved!
[  script:nfs-banking] [Saving] 0 cards and 0 transactions are saved!
[  script:nfs-banking] [Saving] 0 cards and 0 transactions are saved!
[  script:nfs-banking] [Saving] 0 cards and 0 transactions are saved!
[  script:nfs-banking] [Saving] 0 cards and 0 transactions are saved!
[  script:nfs-banking] [Saving] 0 cards and 0 transactions are saved!
[  script:nfs-banking] [Saving] 0 cards and 0 transactions are saved!
[  script:nfs-banking] [Saving] 0 cards and 0 transactions are saved!
[  script:nfs-banking] [Saving] 0 cards and 0 transactions are saved!
[  script:nfs-banking] [Saving] 0 cards and 0 transactions are saved!
[  script:nfs-banking] [Saving] 0 cards and 0 transactions are saved!
[ script:sonoranradio] my: 2.18.4 remote: 2.18.4
[  script:nfs-banking] [Saving] 0 cards and 0 transactions are saved!
[  script:nfs-banking] [Saving] 0 cards and 0 transactions are saved!
[  script:nfs-banking] [Saving] 0 cards and 0 transactions are saved!
[  script:nfs-banking] [Saving] 0 cards and 0 transactions are saved!
[  script:nfs-banking] [Saving] 0 cards and 0 transactions are saved!
[  script:nfs-banking] [Saving] 0 cards and 0 transactions are saved!
[  script:nfs-banking] [Saving] 0 cards and 0 transactions are saved!
[  script:nfs-banking] [Saving] 0 cards and 0 transactions are saved!
[  script:nfs-banking] [Saving] 0 cards and 0 transactions are saved!
[  script:nfs-banking] [Saving] 0 cards and 0 transactions are saved!
[  script:nfs-banking] [Saving] 0 cards and 0 transactions are saved!
[  script:nfs-banking] [Saving] 0 cards and 0 transactions are saved!
[ script:sonoranradio] my: 2.18.4 remote: 2.18.4
[  script:nfs-banking] [Saving] 0 cards and 0 transactions are saved!
[  script:nfs-banking] [Saving] 0 cards and 0 transactions are saved!
[  script:nfs-banking] [Saving] 0 cards and 0 transactions are saved!
[  script:nfs-banking] [Saving] 0 cards and 0 transactions are saved!
[  script:nfs-banking] [Saving] 0 cards and 0 transactions are saved!
[  script:nfs-banking] [Saving] 0 cards and 0 transactions are saved!
[  script:nfs-banking] [Saving] 0 cards and 0 transactions are saved!
[  script:nfs-banking] [Saving] 0 cards and 0 transactions are saved!
[  script:nfs-banking] [Saving] 0 cards and 0 transactions are saved!
[  script:nfs-banking] [Saving] 0 cards and 0 transactions are saved!
[  script:nfs-banking] [Saving] 0 cards and 0 transactions are saved!
[  script:nfs-banking] [Saving] 0 cards and 0 transactions are saved!
[ script:sonoranradio] my: 2.18.4 remote: 2.18.4
[  script:nfs-banking] [Saving] 0 cards and 0 transactions are saved!
[  script:nfs-banking] [Saving] 0 cards and 0 transactions are saved!
[  script:nfs-banking] [Saving] 0 cards and 0 transactions are saved!
[  script:nfs-banking] [Saving] 0 cards and 0 transactions are saved!
[  script:nfs-banking] [Saving] 0 cards and 0 transactions are saved!
[  script:nfs-banking] [Saving] 0 cards and 0 transactions are saved!
[  script:nfs-banking] [Saving] 0 cards and 0 transactions are saved!
[  script:nfs-banking] [Saving] 0 cards and 0 transactions are saved!
[  script:nfs-banking] [Saving] 0 cards and 0 transactions are saved!
[  script:nfs-banking] [Saving] 0 cards and 0 transactions are saved!
[  script:nfs-banking] [Saving] 0 cards and 0 transactions are saved!
[  script:nfs-banking] [Saving] 0 cards and 0 transactions are saved!
[ script:sonoranradio] my: 2.18.4 remote: 2.18.4
[  script:nfs-banking] [Saving] 0 cards and 0 transactions are saved!
[  script:nfs-banking] [Saving] 0 cards and 0 transactions are saved!
[  script:nfs-banking] [Saving] 0 cards and 0 transactions are saved!
[  script:nfs-banking] [Saving] 0 cards and 0 transactions are saved!
[  script:nfs-banking] [Saving] 0 cards and 0 transactions are saved!
[  script:nfs-banking] [Saving] 0 cards and 0 transactions are saved!
[  script:nfs-banking] [Saving] 0 cards and 0 transactions are saved!
[  script:nfs-banking] [Saving] 0 cards and 0 transactions are saved!
[  script:nfs-banking] [Saving] 0 cards and 0 transactions are saved!
[  script:nfs-banking] [Saving] 0 cards and 0 transactions are saved!
[  script:nfs-banking] [Saving] 0 cards and 0 transactions are saved!
[  script:nfs-banking] [Saving] 0 cards and 0 transactions are saved!
[ script:sonoranradio] my: 2.18.4 remote: 2.18.4
[  script:nfs-banking] [Saving] 0 cards and 0 transactions are saved!
[  script:nfs-banking] [Saving] 0 cards and 0 transactions are saved!
[  script:nfs-banking] [Saving] 0 cards and 0 transactions are saved!
[  script:nfs-banking] [Saving] 0 cards and 0 transactions are saved!
[  script:nfs-banking] [Saving] 0 cards and 0 transactions are saved!
[  script:nfs-banking] [Saving] 0 cards and 0 transactions are saved!
[  script:nfs-banking] [Saving] 0 cards and 0 transactions are saved!
[  script:nfs-banking] [Saving] 0 cards and 0 transactions are saved!
[  script:nfs-banking] [Saving] 0 cards and 0 transactions are saved!
[  script:nfs-banking] [Saving] 0 cards and 0 transactions are saved!
[  script:nfs-banking] [Saving] 0 cards and 0 transactions are saved!
[  script:nfs-banking] [Saving] 0 cards and 0 transactions are saved!
[ script:sonoranradio] my: 2.18.4 remote: 2.18.4
[  script:nfs-banking] [Saving] 0 cards and 0 transactions are saved!
[  script:nfs-banking] [Saving] 0 cards and 0 transactions are saved!
[  script:nfs-banking] [Saving] 0 cards and 0 transactions are saved!
[  script:nfs-banking] [Saving] 0 cards and 0 transactions are saved!
[  script:nfs-banking] [Saving] 0 cards and 0 transactions are saved!
[  script:nfs-banking] [Saving] 0 cards and 0 transactions are saved!
[  script:nfs-banking] [Saving] 0 cards and 0 transactions are saved!
[  script:nfs-banking] [Saving] 0 cards and 0 transactions are saved!
[  script:nfs-banking] [Saving] 0 cards and 0 transactions are saved!
[  script:nfs-banking] [Saving] 0 cards and 0 transactions are saved!
[  script:nfs-banking] [Saving] 0 cards and 0 transactions are saved!
[  script:nfs-banking] [Saving] 0 cards and 0 transactions are saved!
[ script:sonoranradio] my: 2.18.4 remote: 2.18.4
[  script:nfs-banking] [Saving] 0 cards and 0 transactions are saved!
[  script:nfs-banking] [Saving] 0 cards and 0 transactions are saved!
[  script:nfs-banking] [Saving] 0 cards and 0 transactions are saved!
[  script:nfs-banking] [Saving] 0 cards and 0 transactions are saved!
[  script:nfs-banking] [Saving] 0 cards and 0 transactions are saved!
[  script:nfs-banking] [Saving] 0 cards and 0 transactions are saved!
[  script:nfs-banking] [Saving] 0 cards and 0 transactions are saved!
[  script:nfs-banking] [Saving] 0 cards and 0 transactions are saved!
[  script:nfs-banking] [Saving] 0 cards and 0 transactions are saved!
[  script:nfs-banking] [Saving] 0 cards and 0 transactions are saved!
[  script:nfs-banking] [Saving] 0 cards and 0 transactions are saved!
[  script:nfs-banking] [Saving] 0 cards and 0 transactions are saved!
[ script:sonoranradio] my: 2.18.4 remote: 2.18.4
[  script:nfs-banking] [Saving] 0 cards and 0 transactions are saved!
[  script:nfs-banking] [Saving] 0 cards and 0 transactions are saved!
[  script:nfs-banking] [Saving] 0 cards and 0 transactions are saved!
[  script:nfs-banking] [Saving] 0 cards and 0 transactions are saved!
[  script:nfs-banking] [Saving] 0 cards and 0 transactions are saved!
[  script:nfs-banking] [Saving] 0 cards and 0 transactions are saved!
[  script:nfs-banking] [Saving] 0 cards and 0 transactions are saved!
[  script:nfs-banking] [Saving] 0 cards and 0 transactions are saved!
[  script:nfs-banking] [Saving] 0 cards and 0 transactions are saved!
[  script:nfs-banking] [Saving] 0 cards and 0 transactions are saved!
[  script:nfs-banking] [Saving] 0 cards and 0 transactions are saved!
[  script:nfs-banking] [Saving] 0 cards and 0 transactions are saved!
[ script:sonoranradio] my: 2.18.4 remote: 2.18.4
[  script:nfs-banking] [Saving] 0 cards and 0 transactions are saved!
[  script:nfs-banking] [Saving] 0 cards and 0 transactions are saved!
[  script:nfs-banking] [Saving] 0 cards and 0 transactions are saved!
[  script:nfs-banking] [Saving] 0 cards and 0 transactions are saved!
[  script:nfs-banking] [Saving] 0 cards and 0 transactions are saved!
[  script:nfs-banking] [Saving] 0 cards and 0 transactions are saved!
[  script:nfs-banking] [Saving] 0 cards and 0 transactions are saved!
[  script:nfs-banking] [Saving] 0 cards and 0 transactions are saved!
[  script:nfs-banking] [Saving] 0 cards and 0 transactions are saved!
[  script:nfs-banking] [Saving] 0 cards and 0 transactions are saved!
[  script:nfs-banking] [Saving] 0 cards and 0 transactions are saved!
[  script:nfs-banking] [Saving] 0 cards and 0 transactions are saved!
[ script:sonoranradio] my: 2.18.4 remote: 2.18.4
[  script:nfs-banking] [Saving] 0 cards and 0 transactions are saved!
[  script:nfs-banking] [Saving] 0 cards and 0 transactions are saved!
[  script:nfs-banking] [Saving] 0 cards and 0 transactions are saved!
[  script:nfs-banking] [Saving] 0 cards and 0 transactions are saved!
[  script:nfs-banking] [Saving] 0 cards and 0 transactions are saved!
[  script:nfs-banking] [Saving] 0 cards and 0 transactions are saved!
[  script:nfs-banking] [Saving] 0 cards and 0 transactions are saved!
[  script:nfs-banking] [Saving] 0 cards and 0 transactions are saved!
[  script:nfs-banking] [Saving] 0 cards and 0 transactions are saved!
[  script:nfs-banking] [Saving] 0 cards and 0 transactions are saved!
[  script:nfs-banking] [Saving] 0 cards and 0 transactions are saved!
[  script:nfs-banking] [Saving] 0 cards and 0 transactions are saved!
[ script:sonoranradio] my: 2.18.4 remote: 2.18.4
[  script:nfs-banking] [Saving] 0 cards and 0 transactions are saved!
[  script:nfs-banking] [Saving] 0 cards and 0 transactions are saved!
[  script:nfs-banking] [Saving] 0 cards and 0 transactions are saved!
[  script:nfs-banking] [Saving] 0 cards and 0 transactions are saved!
[  script:nfs-banking] [Saving] 0 cards and 0 transactions are saved!
[  script:nfs-banking] [Saving] 0 cards and 0 transactions are saved!
[  script:nfs-banking] [Saving] 0 cards and 0 transactions are saved!
[  script:nfs-banking] [Saving] 0 cards and 0 transactions are saved!
[  script:nfs-banking] [Saving] 0 cards and 0 transactions are saved!
[  script:nfs-banking] [Saving] 0 cards and 0 transactions are saved!
[  script:nfs-banking] [Saving] 0 cards and 0 transactions are saved!
[  script:nfs-banking] [Saving] 0 cards and 0 transactions are saved!
[ script:sonoranradio] my: 2.18.4 remote: 2.18.4
[  script:nfs-banking] [Saving] 0 cards and 0 transactions are saved!
[  script:nfs-banking] [Saving] 0 cards and 0 transactions are saved!
[  script:nfs-banking] [Saving] 0 cards and 0 transactions are saved!
[  script:nfs-banking] [Saving] 0 cards and 0 transactions are saved!
[  script:nfs-banking] [Saving] 0 cards and 0 transactions are saved!
[  script:nfs-banking] [Saving] 0 cards and 0 transactions are saved!
[  script:nfs-banking] [Saving] 0 cards and 0 transactions are saved!
[  script:nfs-banking] [Saving] 0 cards and 0 transactions are saved!
[  script:nfs-banking] [Saving] 0 cards and 0 transactions are saved!
[  script:nfs-banking] [Saving] 0 cards and 0 transactions are saved!
[  script:nfs-banking] [Saving] 0 cards and 0 transactions are saved!
[  script:nfs-banking] [Saving] 0 cards and 0 transactions are saved!
[ script:sonoranradio] my: 2.18.4 remote: 2.18.4
[  script:nfs-banking] [Saving] 0 cards and 0 transactions are saved!
[  script:nfs-banking] [Saving] 0 cards and 0 transactions are saved!
[  script:nfs-banking] [Saving] 0 cards and 0 transactions are saved!
[  script:nfs-banking] [Saving] 0 cards and 0 transactions are saved!
[  script:nfs-banking] [Saving] 0 cards and 0 transactions are saved!
[  script:nfs-banking] [Saving] 0 cards and 0 transactions are saved!
[  script:nfs-banking] [Saving] 0 cards and 0 transactions are saved!
[  script:nfs-banking] [Saving] 0 cards and 0 transactions are saved!
[  script:nfs-banking] [Saving] 0 cards and 0 transactions are saved!
[  script:nfs-banking] [Saving] 0 cards and 0 transactions are saved!
[  script:nfs-banking] [Saving] 0 cards and 0 transactions are saved!
[  script:nfs-banking] [Saving] 0 cards and 0 transactions are saved!
[ script:sonoranradio] my: 2.18.4 remote: 2.18.4
[  script:nfs-banking] [Saving] 0 cards and 0 transactions are saved!
[  script:nfs-banking] [Saving] 0 cards and 0 transactions are saved!
[  script:nfs-banking] [Saving] 0 cards and 0 transactions are saved!
[  script:nfs-banking] [Saving] 0 cards and 0 transactions are saved!
[  script:nfs-banking] [Saving] 0 cards and 0 transactions are saved!
[  script:nfs-banking] [Saving] 0 cards and 0 transactions are saved!
[  script:nfs-banking] [Saving] 0 cards and 0 transactions are saved!
[  script:nfs-banking] [Saving] 0 cards and 0 transactions are saved!
[  script:nfs-banking] [Saving] 0 cards and 0 transactions are saved!
[  script:nfs-banking] [Saving] 0 cards and 0 transactions are saved!
[  script:nfs-banking] [Saving] 0 cards and 0 transactions are saved!
[  script:nfs-banking] [Saving] 0 cards and 0 transactions are saved!
[ script:sonoranradio] my: 2.18.4 remote: 2.18.4
[  script:nfs-banking] [Saving] 0 cards and 0 transactions are saved!
[  script:nfs-banking] [Saving] 0 cards and 0 transactions are saved!
[  script:nfs-banking] [Saving] 0 cards and 0 transactions are saved!
[  script:nfs-banking] [Saving] 0 cards and 0 transactions are saved!
[  script:nfs-banking] [Saving] 0 cards and 0 transactions are saved!
[  script:nfs-banking] [Saving] 0 cards and 0 transactions are saved!
[  script:nfs-banking] [Saving] 0 cards and 0 transactions are saved!
[ citizen-server-impl] sync thread hitch warning: timer interval of 107 milliseconds
[  script:nfs-banking] [Saving] 0 cards and 0 transactions are saved!
[  script:nfs-banking] [Saving] 0 cards and 0 transactions are saved!
[  script:nfs-banking] [Saving] 0 cards and 0 transactions are saved!
[  script:nfs-banking] [Saving] 0 cards and 0 transactions are saved!
[  script:nfs-banking] [Saving] 0 cards and 0 transactions are saved!
[ script:sonoranradio] my: 2.18.4 remote: 2.18.4
[  script:nfs-banking] [Saving] 0 cards and 0 transactions are saved!
[  script:nfs-banking] [Saving] 0 cards and 0 transactions are saved!
[  script:nfs-banking] [Saving] 0 cards and 0 transactions are saved!
[  script:nfs-banking] [Saving] 0 cards and 0 transactions are saved!
[  script:nfs-banking] [Saving] 0 cards and 0 transactions are saved!
[  script:nfs-banking] [Saving] 0 cards and 0 transactions are saved!
[  script:nfs-banking] [Saving] 0 cards and 0 transactions are saved!
[  script:nfs-banking] [Saving] 0 cards and 0 transactions are saved!
[  script:nfs-banking] [Saving] 0 cards and 0 transactions are saved!
[  script:nfs-banking] [Saving] 0 cards and 0 transactions are saved!
[  script:nfs-banking] [Saving] 0 cards and 0 transactions are saved!
[  script:nfs-banking] [Saving] 0 cards and 0 transactions are saved!
[ script:sonoranradio] my: 2.18.4 remote: 2.18.4
[  script:nfs-banking] [Saving] 0 cards and 0 transactions are saved!
[  script:nfs-banking] [Saving] 0 cards and 0 transactions are saved!
[  script:nfs-banking] [Saving] 0 cards and 0 transactions are saved!
[  script:nfs-banking] [Saving] 0 cards and 0 transactions are saved!
[  script:nfs-banking] [Saving] 0 cards and 0 transactions are saved!
[  script:nfs-banking] [Saving] 0 cards and 0 transactions are saved!
[  script:nfs-banking] [Saving] 0 cards and 0 transactions are saved!
[  script:nfs-banking] [Saving] 0 cards and 0 transactions are saved!
[  script:nfs-banking] [Saving] 0 cards and 0 transactions are saved!
[  script:nfs-banking] [Saving] 0 cards and 0 transactions are saved!
[  script:nfs-banking] [Saving] 0 cards and 0 transactions are saved!
[  script:nfs-banking] [Saving] 0 cards and 0 transactions are saved!
[ script:sonoranradio] my: 2.18.4 remote: 2.18.4
[  script:nfs-banking] [Saving] 0 cards and 0 transactions are saved!
[  script:nfs-banking] [Saving] 0 cards and 0 transactions are saved!
[  script:nfs-banking] [Saving] 0 cards and 0 transactions are saved!
[  script:nfs-banking] [Saving] 0 cards and 0 transactions are saved!
[  script:nfs-banking] [Saving] 0 cards and 0 transactions are saved!
[  script:nfs-banking] [Saving] 0 cards and 0 transactions are saved!
